<?xml version="1.0" encoding="UTF-8"?>
<testsuite xmlns:xsi="http://www.w3.org/2001/XMLSchema-instance" xsi:noNamespaceSchemaLocation="https://maven.apache.org/surefire/maven-surefire-plugin/xsd/surefire-test-report.xsd" name="com.kubernetes.demo.K8SDemoApplicationTests" time="9.848" tests="1" errors="0" skipped="0" failures="0">
  <properties>
    <property name="sun.desktop" value="gnome"/>
    <property name="awt.toolkit" value="sun.awt.X11.XToolkit"/>
    <property name="java.specification.version" value="11"/>
    <property name="sun.cpu.isalist" value=""/>
    <property name="sun.jnu.encoding" value="UTF-8"/>
    <property name="java.class.path" value="/home/apbn/Desktop/MyrRepo/java-jenk-mini/cicd-k8s-demo/target/test-classes:/home/apbn/Desktop/MyrRepo/java-jenk-mini/cicd-k8s-demo/target/classes:/home/apbn/.m2/repository/org/springframework/boot/spring-boot-starter-actuator/2.1.6.RELEASE/spring-boot-starter-actuator-2.1.6.RELEASE.jar:/home/apbn/.m2/repository/org/springframework/boot/spring-boot-starter/2.1.6.RELEASE/spring-boot-starter-2.1.6.RELEASE.jar:/home/apbn/.m2/repository/org/springframework/boot/spring-boot/2.1.6.RELEASE/spring-boot-2.1.6.RELEASE.jar:/home/apbn/.m2/repository/org/springframework/boot/spring-boot-autoconfigure/2.1.6.RELEASE/spring-boot-autoconfigure-2.1.6.RELEASE.jar:/home/apbn/.m2/repository/org/springframework/boot/spring-boot-starter-logging/2.1.6.RELEASE/spring-boot-starter-logging-2.1.6.RELEASE.jar:/home/apbn/.m2/repository/ch/qos/logback/logback-classic/1.2.3/logback-classic-1.2.3.jar:/home/apbn/.m2/repository/ch/qos/logback/logback-core/1.2.3/logback-core-1.2.3.jar:/home/apbn/.m2/repository/org/apache/logging/log4j/log4j-to-slf4j/2.11.2/log4j-to-slf4j-2.11.2.jar:/home/apbn/.m2/repository/org/apache/logging/log4j/log4j-api/2.11.2/log4j-api-2.11.2.jar:/home/apbn/.m2/repository/org/slf4j/jul-to-slf4j/1.7.26/jul-to-slf4j-1.7.26.jar:/home/apbn/.m2/repository/javax/annotation/javax.annotation-api/1.3.2/javax.annotation-api-1.3.2.jar:/home/apbn/.m2/repository/org/yaml/snakeyaml/1.23/snakeyaml-1.23.jar:/home/apbn/.m2/repository/org/springframework/boot/spring-boot-actuator-autoconfigure/2.1.6.RELEASE/spring-boot-actuator-autoconfigure-2.1.6.RELEASE.jar:/home/apbn/.m2/repository/org/springframework/boot/spring-boot-actuator/2.1.6.RELEASE/spring-boot-actuator-2.1.6.RELEASE.jar:/home/apbn/.m2/repository/com/fasterxml/jackson/core/jackson-databind/2.9.9/jackson-databind-2.9.9.jar:/home/apbn/.m2/repository/com/fasterxml/jackson/core/jackson-annotations/2.9.0/jackson-annotations-2.9.0.jar:/home/apbn/.m2/repository/com/fasterxml/jackson/core/jackson-core/2.9.9/jackson-core-2.9.9.jar:/home/apbn/.m2/repository/org/springframework/spring-context/5.1.8.RELEASE/spring-context-5.1.8.RELEASE.jar:/home/apbn/.m2/repository/org/springframework/spring-expression/5.1.8.RELEASE/spring-expression-5.1.8.RELEASE.jar:/home/apbn/.m2/repository/com/fasterxml/jackson/datatype/jackson-datatype-jsr310/2.9.9/jackson-datatype-jsr310-2.9.9.jar:/home/apbn/.m2/repository/io/micrometer/micrometer-core/1.1.5/micrometer-core-1.1.5.jar:/home/apbn/.m2/repository/org/hdrhistogram/HdrHistogram/2.1.9/HdrHistogram-2.1.9.jar:/home/apbn/.m2/repository/org/latencyutils/LatencyUtils/2.0.3/LatencyUtils-2.0.3.jar:/home/apbn/.m2/repository/org/springframework/cloud/spring-cloud-starter-sleuth/2.1.0.RELEASE/spring-cloud-starter-sleuth-2.1.0.RELEASE.jar:/home/apbn/.m2/repository/org/springframework/cloud/spring-cloud-starter/2.1.0.RELEASE/spring-cloud-starter-2.1.0.RELEASE.jar:/home/apbn/.m2/repository/org/springframework/cloud/spring-cloud-context/2.1.0.RELEASE/spring-cloud-context-2.1.0.RELEASE.jar:/home/apbn/.m2/repository/org/springframework/security/spring-security-crypto/5.1.5.RELEASE/spring-security-crypto-5.1.5.RELEASE.jar:/home/apbn/.m2/repository/org/springframework/cloud/spring-cloud-commons/2.1.0.RELEASE/spring-cloud-commons-2.1.0.RELEASE.jar:/home/apbn/.m2/repository/org/springframework/security/spring-security-rsa/1.0.7.RELEASE/spring-security-rsa-1.0.7.RELEASE.jar:/home/apbn/.m2/repository/org/bouncycastle/bcpkix-jdk15on/1.60/bcpkix-jdk15on-1.60.jar:/home/apbn/.m2/repository/org/bouncycastle/bcprov-jdk15on/1.60/bcprov-jdk15on-1.60.jar:/home/apbn/.m2/repository/org/springframework/boot/spring-boot-starter-aop/2.1.6.RELEASE/spring-boot-starter-aop-2.1.6.RELEASE.jar:/home/apbn/.m2/repository/org/springframework/spring-aop/5.1.8.RELEASE/spring-aop-5.1.8.RELEASE.jar:/home/apbn/.m2/repository/org/aspectj/aspectjweaver/1.9.4/aspectjweaver-1.9.4.jar:/home/apbn/.m2/repository/org/springframework/cloud/spring-cloud-sleuth-core/2.1.0.RELEASE/spring-cloud-sleuth-core-2.1.0.RELEASE.jar:/home/apbn/.m2/repository/org/aspectj/aspectjrt/1.9.4/aspectjrt-1.9.4.jar:/home/apbn/.m2/repository/io/zipkin/brave/brave/5.6.1/brave-5.6.1.jar:/home/apbn/.m2/repository/io/zipkin/zipkin2/zipkin/2.12.0/zipkin-2.12.0.jar:/home/apbn/.m2/repository/io/zipkin/reporter2/zipkin-reporter/2.7.14/zipkin-reporter-2.7.14.jar:/home/apbn/.m2/repository/io/zipkin/brave/brave-context-log4j2/5.6.1/brave-context-log4j2-5.6.1.jar:/home/apbn/.m2/repository/io/zipkin/brave/brave-instrumentation-spring-web/5.6.1/brave-instrumentation-spring-web-5.6.1.jar:/home/apbn/.m2/repository/io/zipkin/brave/brave-instrumentation-http/5.6.1/brave-instrumentation-http-5.6.1.jar:/home/apbn/.m2/repository/io/zipkin/brave/brave-instrumentation-spring-rabbit/5.6.1/brave-instrumentation-spring-rabbit-5.6.1.jar:/home/apbn/.m2/repository/io/zipkin/brave/brave-instrumentation-kafka-clients/5.6.1/brave-instrumentation-kafka-clients-5.6.1.jar:/home/apbn/.m2/repository/io/zipkin/brave/brave-instrumentation-httpclient/5.6.1/brave-instrumentation-httpclient-5.6.1.jar:/home/apbn/.m2/repository/io/zipkin/brave/brave-instrumentation-httpasyncclient/5.6.1/brave-instrumentation-httpasyncclient-5.6.1.jar:/home/apbn/.m2/repository/io/zipkin/brave/brave-instrumentation-spring-webmvc/5.6.1/brave-instrumentation-spring-webmvc-5.6.1.jar:/home/apbn/.m2/repository/io/zipkin/brave/brave-instrumentation-servlet/5.6.1/brave-instrumentation-servlet-5.6.1.jar:/home/apbn/.m2/repository/io/zipkin/brave/brave-instrumentation-jms/5.6.1/brave-instrumentation-jms-5.6.1.jar:/home/apbn/.m2/repository/org/springframework/boot/spring-boot-starter-webflux/2.1.6.RELEASE/spring-boot-starter-webflux-2.1.6.RELEASE.jar:/home/apbn/.m2/repository/org/springframework/boot/spring-boot-starter-json/2.1.6.RELEASE/spring-boot-starter-json-2.1.6.RELEASE.jar:/home/apbn/.m2/repository/com/fasterxml/jackson/datatype/jackson-datatype-jdk8/2.9.9/jackson-datatype-jdk8-2.9.9.jar:/home/apbn/.m2/repository/com/fasterxml/jackson/module/jackson-module-parameter-names/2.9.9/jackson-module-parameter-names-2.9.9.jar:/home/apbn/.m2/repository/org/springframework/boot/spring-boot-starter-reactor-netty/2.1.6.RELEASE/spring-boot-starter-reactor-netty-2.1.6.RELEASE.jar:/home/apbn/.m2/repository/io/projectreactor/netty/reactor-netty/0.8.9.RELEASE/reactor-netty-0.8.9.RELEASE.jar:/home/apbn/.m2/repository/io/netty/netty-codec-http/4.1.36.Final/netty-codec-http-4.1.36.Final.jar:/home/apbn/.m2/repository/io/netty/netty-common/4.1.36.Final/netty-common-4.1.36.Final.jar:/home/apbn/.m2/repository/io/netty/netty-buffer/4.1.36.Final/netty-buffer-4.1.36.Final.jar:/home/apbn/.m2/repository/io/netty/netty-transport/4.1.36.Final/netty-transport-4.1.36.Final.jar:/home/apbn/.m2/repository/io/netty/netty-resolver/4.1.36.Final/netty-resolver-4.1.36.Final.jar:/home/apbn/.m2/repository/io/netty/netty-codec/4.1.36.Final/netty-codec-4.1.36.Final.jar:/home/apbn/.m2/repository/io/netty/netty-codec-http2/4.1.36.Final/netty-codec-http2-4.1.36.Final.jar:/home/apbn/.m2/repository/io/netty/netty-handler/4.1.36.Final/netty-handler-4.1.36.Final.jar:/home/apbn/.m2/repository/io/netty/netty-handler-proxy/4.1.36.Final/netty-handler-proxy-4.1.36.Final.jar:/home/apbn/.m2/repository/io/netty/netty-codec-socks/4.1.36.Final/netty-codec-socks-4.1.36.Final.jar:/home/apbn/.m2/repository/io/netty/netty-transport-native-epoll/4.1.36.Final/netty-transport-native-epoll-4.1.36.Final-linux-x86_64.jar:/home/apbn/.m2/repository/io/netty/netty-transport-native-unix-common/4.1.36.Final/netty-transport-native-unix-common-4.1.36.Final.jar:/home/apbn/.m2/repository/org/glassfish/javax.el/3.0.0/javax.el-3.0.0.jar:/home/apbn/.m2/repository/org/hibernate/validator/hibernate-validator/6.0.17.Final/hibernate-validator-6.0.17.Final.jar:/home/apbn/.m2/repository/javax/validation/validation-api/2.0.1.Final/validation-api-2.0.1.Final.jar:/home/apbn/.m2/repository/org/jboss/logging/jboss-logging/3.3.2.Final/jboss-logging-3.3.2.Final.jar:/home/apbn/.m2/repository/com/fasterxml/classmate/1.4.0/classmate-1.4.0.jar:/home/apbn/.m2/repository/org/springframework/spring-web/5.1.8.RELEASE/spring-web-5.1.8.RELEASE.jar:/home/apbn/.m2/repository/org/springframework/spring-beans/5.1.8.RELEASE/spring-beans-5.1.8.RELEASE.jar:/home/apbn/.m2/repository/org/springframework/spring-webflux/5.1.8.RELEASE/spring-webflux-5.1.8.RELEASE.jar:/home/apbn/.m2/repository/org/synchronoss/cloud/nio-multipart-parser/1.1.0/nio-multipart-parser-1.1.0.jar:/home/apbn/.m2/repository/org/slf4j/slf4j-api/1.7.26/slf4j-api-1.7.26.jar:/home/apbn/.m2/repository/org/synchronoss/cloud/nio-stream-storage/1.1.3/nio-stream-storage-1.1.3.jar:/home/apbn/.m2/repository/org/projectlombok/lombok/1.18.8/lombok-1.18.8.jar:/home/apbn/.m2/repository/org/springframework/boot/spring-boot-starter-test/2.1.6.RELEASE/spring-boot-starter-test-2.1.6.RELEASE.jar:/home/apbn/.m2/repository/org/springframework/boot/spring-boot-test/2.1.6.RELEASE/spring-boot-test-2.1.6.RELEASE.jar:/home/apbn/.m2/repository/org/springframework/boot/spring-boot-test-autoconfigure/2.1.6.RELEASE/spring-boot-test-autoconfigure-2.1.6.RELEASE.jar:/home/apbn/.m2/repository/com/jayway/jsonpath/json-path/2.4.0/json-path-2.4.0.jar:/home/apbn/.m2/repository/net/minidev/json-smart/2.3/json-smart-2.3.jar:/home/apbn/.m2/repository/net/minidev/accessors-smart/1.2/accessors-smart-1.2.jar:/home/apbn/.m2/repository/org/ow2/asm/asm/5.0.4/asm-5.0.4.jar:/home/apbn/.m2/repository/junit/junit/4.12/junit-4.12.jar:/home/apbn/.m2/repository/org/assertj/assertj-core/3.11.1/assertj-core-3.11.1.jar:/home/apbn/.m2/repository/org/mockito/mockito-core/2.23.4/mockito-core-2.23.4.jar:/home/apbn/.m2/repository/net/bytebuddy/byte-buddy/1.9.13/byte-buddy-1.9.13.jar:/home/apbn/.m2/repository/net/bytebuddy/byte-buddy-agent/1.9.13/byte-buddy-agent-1.9.13.jar:/home/apbn/.m2/repository/org/objenesis/objenesis/2.6/objenesis-2.6.jar:/home/apbn/.m2/repository/org/hamcrest/hamcrest-core/1.3/hamcrest-core-1.3.jar:/home/apbn/.m2/repository/org/hamcrest/hamcrest-library/1.3/hamcrest-library-1.3.jar:/home/apbn/.m2/repository/org/skyscreamer/jsonassert/1.5.0/jsonassert-1.5.0.jar:/home/apbn/.m2/repository/com/vaadin/external/google/android-json/0.0.20131108.vaadin1/android-json-0.0.20131108.vaadin1.jar:/home/apbn/.m2/repository/org/springframework/spring-core/5.1.8.RELEASE/spring-core-5.1.8.RELEASE.jar:/home/apbn/.m2/repository/org/springframework/spring-jcl/5.1.8.RELEASE/spring-jcl-5.1.8.RELEASE.jar:/home/apbn/.m2/repository/org/springframework/spring-test/5.1.8.RELEASE/spring-test-5.1.8.RELEASE.jar:/home/apbn/.m2/repository/org/xmlunit/xmlunit-core/2.6.2/xmlunit-core-2.6.2.jar:/home/apbn/.m2/repository/javax/xml/bind/jaxb-api/2.3.1/jaxb-api-2.3.1.jar:/home/apbn/.m2/repository/javax/activation/javax.activation-api/1.2.0/javax.activation-api-1.2.0.jar:/home/apbn/.m2/repository/io/projectreactor/reactor-test/3.2.10.RELEASE/reactor-test-3.2.10.RELEASE.jar:/home/apbn/.m2/repository/io/projectreactor/reactor-core/3.2.10.RELEASE/reactor-core-3.2.10.RELEASE.jar:/home/apbn/.m2/repository/org/reactivestreams/reactive-streams/1.0.2/reactive-streams-1.0.2.jar:"/>
    <property name="java.vm.vendor" value="Ubuntu"/>
    <property name="sun.arch.data.model" value="64"/>
    <property name="java.vendor.url" value="https://ubuntu.com/"/>
    <property name="user.timezone" value=""/>
    <property name="java.vm.specification.version" value="11"/>
    <property name="os.name" value="Linux"/>
    <property name="sun.java.launcher" value="SUN_STANDARD"/>
    <property name="user.country" value="IN"/>
    <property name="sun.boot.library.path" value="/usr/lib/jvm/java-11-openjdk-amd64/lib"/>
    <property name="sun.java.command" value="/home/apbn/Desktop/MyrRepo/java-jenk-mini/cicd-k8s-demo/target/surefire/surefirebooter13176908457169197365.jar /home/apbn/Desktop/MyrRepo/java-jenk-mini/cicd-k8s-demo/target/surefire 2020-08-05T18-09-37_516-jvmRun1 surefire4410093212115871855tmp surefire_02338683835377524791tmp"/>
    <property name="jdk.debug" value="release"/>
    <property name="surefire.test.class.path" value="/home/apbn/Desktop/MyrRepo/java-jenk-mini/cicd-k8s-demo/target/test-classes:/home/apbn/Desktop/MyrRepo/java-jenk-mini/cicd-k8s-demo/target/classes:/home/apbn/.m2/repository/org/springframework/boot/spring-boot-starter-actuator/2.1.6.RELEASE/spring-boot-starter-actuator-2.1.6.RELEASE.jar:/home/apbn/.m2/repository/org/springframework/boot/spring-boot-starter/2.1.6.RELEASE/spring-boot-starter-2.1.6.RELEASE.jar:/home/apbn/.m2/repository/org/springframework/boot/spring-boot/2.1.6.RELEASE/spring-boot-2.1.6.RELEASE.jar:/home/apbn/.m2/repository/org/springframework/boot/spring-boot-autoconfigure/2.1.6.RELEASE/spring-boot-autoconfigure-2.1.6.RELEASE.jar:/home/apbn/.m2/repository/org/springframework/boot/spring-boot-starter-logging/2.1.6.RELEASE/spring-boot-starter-logging-2.1.6.RELEASE.jar:/home/apbn/.m2/repository/ch/qos/logback/logback-classic/1.2.3/logback-classic-1.2.3.jar:/home/apbn/.m2/repository/ch/qos/logback/logback-core/1.2.3/logback-core-1.2.3.jar:/home/apbn/.m2/repository/org/apache/logging/log4j/log4j-to-slf4j/2.11.2/log4j-to-slf4j-2.11.2.jar:/home/apbn/.m2/repository/org/apache/logging/log4j/log4j-api/2.11.2/log4j-api-2.11.2.jar:/home/apbn/.m2/repository/org/slf4j/jul-to-slf4j/1.7.26/jul-to-slf4j-1.7.26.jar:/home/apbn/.m2/repository/javax/annotation/javax.annotation-api/1.3.2/javax.annotation-api-1.3.2.jar:/home/apbn/.m2/repository/org/yaml/snakeyaml/1.23/snakeyaml-1.23.jar:/home/apbn/.m2/repository/org/springframework/boot/spring-boot-actuator-autoconfigure/2.1.6.RELEASE/spring-boot-actuator-autoconfigure-2.1.6.RELEASE.jar:/home/apbn/.m2/repository/org/springframework/boot/spring-boot-actuator/2.1.6.RELEASE/spring-boot-actuator-2.1.6.RELEASE.jar:/home/apbn/.m2/repository/com/fasterxml/jackson/core/jackson-databind/2.9.9/jackson-databind-2.9.9.jar:/home/apbn/.m2/repository/com/fasterxml/jackson/core/jackson-annotations/2.9.0/jackson-annotations-2.9.0.jar:/home/apbn/.m2/repository/com/fasterxml/jackson/core/jackson-core/2.9.9/jackson-core-2.9.9.jar:/home/apbn/.m2/repository/org/springframework/spring-context/5.1.8.RELEASE/spring-context-5.1.8.RELEASE.jar:/home/apbn/.m2/repository/org/springframework/spring-expression/5.1.8.RELEASE/spring-expression-5.1.8.RELEASE.jar:/home/apbn/.m2/repository/com/fasterxml/jackson/datatype/jackson-datatype-jsr310/2.9.9/jackson-datatype-jsr310-2.9.9.jar:/home/apbn/.m2/repository/io/micrometer/micrometer-core/1.1.5/micrometer-core-1.1.5.jar:/home/apbn/.m2/repository/org/hdrhistogram/HdrHistogram/2.1.9/HdrHistogram-2.1.9.jar:/home/apbn/.m2/repository/org/latencyutils/LatencyUtils/2.0.3/LatencyUtils-2.0.3.jar:/home/apbn/.m2/repository/org/springframework/cloud/spring-cloud-starter-sleuth/2.1.0.RELEASE/spring-cloud-starter-sleuth-2.1.0.RELEASE.jar:/home/apbn/.m2/repository/org/springframework/cloud/spring-cloud-starter/2.1.0.RELEASE/spring-cloud-starter-2.1.0.RELEASE.jar:/home/apbn/.m2/repository/org/springframework/cloud/spring-cloud-context/2.1.0.RELEASE/spring-cloud-context-2.1.0.RELEASE.jar:/home/apbn/.m2/repository/org/springframework/security/spring-security-crypto/5.1.5.RELEASE/spring-security-crypto-5.1.5.RELEASE.jar:/home/apbn/.m2/repository/org/springframework/cloud/spring-cloud-commons/2.1.0.RELEASE/spring-cloud-commons-2.1.0.RELEASE.jar:/home/apbn/.m2/repository/org/springframework/security/spring-security-rsa/1.0.7.RELEASE/spring-security-rsa-1.0.7.RELEASE.jar:/home/apbn/.m2/repository/org/bouncycastle/bcpkix-jdk15on/1.60/bcpkix-jdk15on-1.60.jar:/home/apbn/.m2/repository/org/bouncycastle/bcprov-jdk15on/1.60/bcprov-jdk15on-1.60.jar:/home/apbn/.m2/repository/org/springframework/boot/spring-boot-starter-aop/2.1.6.RELEASE/spring-boot-starter-aop-2.1.6.RELEASE.jar:/home/apbn/.m2/repository/org/springframework/spring-aop/5.1.8.RELEASE/spring-aop-5.1.8.RELEASE.jar:/home/apbn/.m2/repository/org/aspectj/aspectjweaver/1.9.4/aspectjweaver-1.9.4.jar:/home/apbn/.m2/repository/org/springframework/cloud/spring-cloud-sleuth-core/2.1.0.RELEASE/spring-cloud-sleuth-core-2.1.0.RELEASE.jar:/home/apbn/.m2/repository/org/aspectj/aspectjrt/1.9.4/aspectjrt-1.9.4.jar:/home/apbn/.m2/repository/io/zipkin/brave/brave/5.6.1/brave-5.6.1.jar:/home/apbn/.m2/repository/io/zipkin/zipkin2/zipkin/2.12.0/zipkin-2.12.0.jar:/home/apbn/.m2/repository/io/zipkin/reporter2/zipkin-reporter/2.7.14/zipkin-reporter-2.7.14.jar:/home/apbn/.m2/repository/io/zipkin/brave/brave-context-log4j2/5.6.1/brave-context-log4j2-5.6.1.jar:/home/apbn/.m2/repository/io/zipkin/brave/brave-instrumentation-spring-web/5.6.1/brave-instrumentation-spring-web-5.6.1.jar:/home/apbn/.m2/repository/io/zipkin/brave/brave-instrumentation-http/5.6.1/brave-instrumentation-http-5.6.1.jar:/home/apbn/.m2/repository/io/zipkin/brave/brave-instrumentation-spring-rabbit/5.6.1/brave-instrumentation-spring-rabbit-5.6.1.jar:/home/apbn/.m2/repository/io/zipkin/brave/brave-instrumentation-kafka-clients/5.6.1/brave-instrumentation-kafka-clients-5.6.1.jar:/home/apbn/.m2/repository/io/zipkin/brave/brave-instrumentation-httpclient/5.6.1/brave-instrumentation-httpclient-5.6.1.jar:/home/apbn/.m2/repository/io/zipkin/brave/brave-instrumentation-httpasyncclient/5.6.1/brave-instrumentation-httpasyncclient-5.6.1.jar:/home/apbn/.m2/repository/io/zipkin/brave/brave-instrumentation-spring-webmvc/5.6.1/brave-instrumentation-spring-webmvc-5.6.1.jar:/home/apbn/.m2/repository/io/zipkin/brave/brave-instrumentation-servlet/5.6.1/brave-instrumentation-servlet-5.6.1.jar:/home/apbn/.m2/repository/io/zipkin/brave/brave-instrumentation-jms/5.6.1/brave-instrumentation-jms-5.6.1.jar:/home/apbn/.m2/repository/org/springframework/boot/spring-boot-starter-webflux/2.1.6.RELEASE/spring-boot-starter-webflux-2.1.6.RELEASE.jar:/home/apbn/.m2/repository/org/springframework/boot/spring-boot-starter-json/2.1.6.RELEASE/spring-boot-starter-json-2.1.6.RELEASE.jar:/home/apbn/.m2/repository/com/fasterxml/jackson/datatype/jackson-datatype-jdk8/2.9.9/jackson-datatype-jdk8-2.9.9.jar:/home/apbn/.m2/repository/com/fasterxml/jackson/module/jackson-module-parameter-names/2.9.9/jackson-module-parameter-names-2.9.9.jar:/home/apbn/.m2/repository/org/springframework/boot/spring-boot-starter-reactor-netty/2.1.6.RELEASE/spring-boot-starter-reactor-netty-2.1.6.RELEASE.jar:/home/apbn/.m2/repository/io/projectreactor/netty/reactor-netty/0.8.9.RELEASE/reactor-netty-0.8.9.RELEASE.jar:/home/apbn/.m2/repository/io/netty/netty-codec-http/4.1.36.Final/netty-codec-http-4.1.36.Final.jar:/home/apbn/.m2/repository/io/netty/netty-common/4.1.36.Final/netty-common-4.1.36.Final.jar:/home/apbn/.m2/repository/io/netty/netty-buffer/4.1.36.Final/netty-buffer-4.1.36.Final.jar:/home/apbn/.m2/repository/io/netty/netty-transport/4.1.36.Final/netty-transport-4.1.36.Final.jar:/home/apbn/.m2/repository/io/netty/netty-resolver/4.1.36.Final/netty-resolver-4.1.36.Final.jar:/home/apbn/.m2/repository/io/netty/netty-codec/4.1.36.Final/netty-codec-4.1.36.Final.jar:/home/apbn/.m2/repository/io/netty/netty-codec-http2/4.1.36.Final/netty-codec-http2-4.1.36.Final.jar:/home/apbn/.m2/repository/io/netty/netty-handler/4.1.36.Final/netty-handler-4.1.36.Final.jar:/home/apbn/.m2/repository/io/netty/netty-handler-proxy/4.1.36.Final/netty-handler-proxy-4.1.36.Final.jar:/home/apbn/.m2/repository/io/netty/netty-codec-socks/4.1.36.Final/netty-codec-socks-4.1.36.Final.jar:/home/apbn/.m2/repository/io/netty/netty-transport-native-epoll/4.1.36.Final/netty-transport-native-epoll-4.1.36.Final-linux-x86_64.jar:/home/apbn/.m2/repository/io/netty/netty-transport-native-unix-common/4.1.36.Final/netty-transport-native-unix-common-4.1.36.Final.jar:/home/apbn/.m2/repository/org/glassfish/javax.el/3.0.0/javax.el-3.0.0.jar:/home/apbn/.m2/repository/org/hibernate/validator/hibernate-validator/6.0.17.Final/hibernate-validator-6.0.17.Final.jar:/home/apbn/.m2/repository/javax/validation/validation-api/2.0.1.Final/validation-api-2.0.1.Final.jar:/home/apbn/.m2/repository/org/jboss/logging/jboss-logging/3.3.2.Final/jboss-logging-3.3.2.Final.jar:/home/apbn/.m2/repository/com/fasterxml/classmate/1.4.0/classmate-1.4.0.jar:/home/apbn/.m2/repository/org/springframework/spring-web/5.1.8.RELEASE/spring-web-5.1.8.RELEASE.jar:/home/apbn/.m2/repository/org/springframework/spring-beans/5.1.8.RELEASE/spring-beans-5.1.8.RELEASE.jar:/home/apbn/.m2/repository/org/springframework/spring-webflux/5.1.8.RELEASE/spring-webflux-5.1.8.RELEASE.jar:/home/apbn/.m2/repository/org/synchronoss/cloud/nio-multipart-parser/1.1.0/nio-multipart-parser-1.1.0.jar:/home/apbn/.m2/repository/org/slf4j/slf4j-api/1.7.26/slf4j-api-1.7.26.jar:/home/apbn/.m2/repository/org/synchronoss/cloud/nio-stream-storage/1.1.3/nio-stream-storage-1.1.3.jar:/home/apbn/.m2/repository/org/projectlombok/lombok/1.18.8/lombok-1.18.8.jar:/home/apbn/.m2/repository/org/springframework/boot/spring-boot-starter-test/2.1.6.RELEASE/spring-boot-starter-test-2.1.6.RELEASE.jar:/home/apbn/.m2/repository/org/springframework/boot/spring-boot-test/2.1.6.RELEASE/spring-boot-test-2.1.6.RELEASE.jar:/home/apbn/.m2/repository/org/springframework/boot/spring-boot-test-autoconfigure/2.1.6.RELEASE/spring-boot-test-autoconfigure-2.1.6.RELEASE.jar:/home/apbn/.m2/repository/com/jayway/jsonpath/json-path/2.4.0/json-path-2.4.0.jar:/home/apbn/.m2/repository/net/minidev/json-smart/2.3/json-smart-2.3.jar:/home/apbn/.m2/repository/net/minidev/accessors-smart/1.2/accessors-smart-1.2.jar:/home/apbn/.m2/repository/org/ow2/asm/asm/5.0.4/asm-5.0.4.jar:/home/apbn/.m2/repository/junit/junit/4.12/junit-4.12.jar:/home/apbn/.m2/repository/org/assertj/assertj-core/3.11.1/assertj-core-3.11.1.jar:/home/apbn/.m2/repository/org/mockito/mockito-core/2.23.4/mockito-core-2.23.4.jar:/home/apbn/.m2/repository/net/bytebuddy/byte-buddy/1.9.13/byte-buddy-1.9.13.jar:/home/apbn/.m2/repository/net/bytebuddy/byte-buddy-agent/1.9.13/byte-buddy-agent-1.9.13.jar:/home/apbn/.m2/repository/org/objenesis/objenesis/2.6/objenesis-2.6.jar:/home/apbn/.m2/repository/org/hamcrest/hamcrest-core/1.3/hamcrest-core-1.3.jar:/home/apbn/.m2/repository/org/hamcrest/hamcrest-library/1.3/hamcrest-library-1.3.jar:/home/apbn/.m2/repository/org/skyscreamer/jsonassert/1.5.0/jsonassert-1.5.0.jar:/home/apbn/.m2/repository/com/vaadin/external/google/android-json/0.0.20131108.vaadin1/android-json-0.0.20131108.vaadin1.jar:/home/apbn/.m2/repository/org/springframework/spring-core/5.1.8.RELEASE/spring-core-5.1.8.RELEASE.jar:/home/apbn/.m2/repository/org/springframework/spring-jcl/5.1.8.RELEASE/spring-jcl-5.1.8.RELEASE.jar:/home/apbn/.m2/repository/org/springframework/spring-test/5.1.8.RELEASE/spring-test-5.1.8.RELEASE.jar:/home/apbn/.m2/repository/org/xmlunit/xmlunit-core/2.6.2/xmlunit-core-2.6.2.jar:/home/apbn/.m2/repository/javax/xml/bind/jaxb-api/2.3.1/jaxb-api-2.3.1.jar:/home/apbn/.m2/repository/javax/activation/javax.activation-api/1.2.0/javax.activation-api-1.2.0.jar:/home/apbn/.m2/repository/io/projectreactor/reactor-test/3.2.10.RELEASE/reactor-test-3.2.10.RELEASE.jar:/home/apbn/.m2/repository/io/projectreactor/reactor-core/3.2.10.RELEASE/reactor-core-3.2.10.RELEASE.jar:/home/apbn/.m2/repository/org/reactivestreams/reactive-streams/1.0.2/reactive-streams-1.0.2.jar:"/>
    <property name="sun.cpu.endian" value="little"/>
    <property name="user.home" value="/home/apbn"/>
    <property name="user.language" value="en"/>
    <property name="java.specification.vendor" value="Oracle Corporation"/>
    <property name="java.version.date" value="2020-07-14"/>
    <property name="java.home" value="/usr/lib/jvm/java-11-openjdk-amd64"/>
    <property name="file.separator" value="/"/>
    <property name="basedir" value="/home/apbn/Desktop/MyrRepo/java-jenk-mini/cicd-k8s-demo"/>
    <property name="java.vm.compressedOopsMode" value="32-bit"/>
    <property name="line.separator" value="&#10;"/>
    <property name="java.specification.name" value="Java Platform API Specification"/>
    <property name="java.vm.specification.vendor" value="Oracle Corporation"/>
    <property name="java.awt.graphicsenv" value="sun.awt.X11GraphicsEnvironment"/>
    <property name="surefire.real.class.path" value="/home/apbn/Desktop/MyrRepo/java-jenk-mini/cicd-k8s-demo/target/surefire/surefirebooter13176908457169197365.jar"/>
    <property name="sun.management.compiler" value="HotSpot 64-Bit Tiered Compilers"/>
    <property name="java.runtime.version" value="11.0.8+10-post-Ubuntu-0ubuntu120.04"/>
    <property name="user.name" value="apbn"/>
    <property name="path.separator" value=":"/>
    <property name="os.version" value="5.4.0-40-generic"/>
    <property name="java.runtime.name" value="OpenJDK Runtime Environment"/>
    <property name="file.encoding" value="UTF-8"/>
    <property name="java.vm.name" value="OpenJDK 64-Bit Server VM"/>
    <property name="localRepository" value="/home/apbn/.m2/repository"/>
    <property name="java.vendor.url.bug" value="https://bugs.launchpad.net/ubuntu/+source/openjdk-lts"/>
    <property name="java.io.tmpdir" value="/tmp"/>
    <property name="java.version" value="11.0.8"/>
    <property name="user.dir" value="/home/apbn/Desktop/MyrRepo/java-jenk-mini/cicd-k8s-demo"/>
    <property name="os.arch" value="amd64"/>
    <property name="java.vm.specification.name" value="Java Virtual Machine Specification"/>
    <property name="java.awt.printerjob" value="sun.print.PSPrinterJob"/>
    <property name="sun.os.patch.level" value="unknown"/>
    <property name="java.library.path" value="/usr/java/packages/lib:/usr/lib/x86_64-linux-gnu/jni:/lib/x86_64-linux-gnu:/usr/lib/x86_64-linux-gnu:/usr/lib/jni:/lib:/usr/lib"/>
    <property name="java.vm.info" value="mixed mode, sharing"/>
    <property name="java.vendor" value="Ubuntu"/>
    <property name="java.vm.version" value="11.0.8+10-post-Ubuntu-0ubuntu120.04"/>
    <property name="sun.io.unicode.encoding" value="UnicodeLittle"/>
    <property name="java.class.version" value="55.0"/>
  </properties>
  <testcase name="contextLoads" classname="com.kubernetes.demo.K8SDemoApplicationTests" time="0.987"/>
</testsuite>